\BOOKMARK [2][-]{section*.1}{\376\377\000P\000a\000r\000t\000\040\000I\000\040\121\145\225\350}{}% 1
\BOOKMARK [3][-]{section*.2}{\376\377\230\230\166\356\0001\377\010\122\033\136\372\145\160\143\156\150\106\377\011\377\032\134\006\116\013\227\142\166\204\133\127\121\170\122\033\136\372\116\072\000D\000a\000t\000a\000F\000r\000a\000m\000e}{section*.1}% 2
\BOOKMARK [3][-]{section*.3}{\376\377\225\356\230\230\0002\377\010\173\133\220\011\210\114\377\011\377\032\143\320\123\326\124\053\147\011\133\127\173\046\116\062\000`\000`\000P\000y\000t\000h\000o\000n\000'\000'\166\204\210\114}{section*.1}% 3
\BOOKMARK [3][-]{section*.4}{\376\377\230\230\166\356\0003\377\010\147\345\167\013\122\027\124\015\377\011\377\032\217\223\121\372\000d\000f\166\204\142\100\147\011\122\027\124\015}{section*.1}% 4
\BOOKMARK [3][-]{section*.5}{\376\377\230\230\166\356\0004\377\010\117\356\145\071\122\027\124\015\377\011\377\032\117\356\145\071\173\054\0002\122\027\122\027\124\015\116\072\000`\000`\000p\000o\000p\000u\000l\000a\000r\000i\000t\000y\000'\000'}{section*.1}% 5
\BOOKMARK [3][-]{section*.6}{\376\377\230\230\166\356\0005\377\010\176\337\213\241\230\221\145\160\377\011\377\032\176\337\213\241\000g\000r\000a\000m\000m\000e\000r\122\027\116\055\153\317\171\315\177\026\172\013\213\355\212\000\121\372\163\260\166\204\153\041\145\160}{section*.1}% 6
\BOOKMARK [3][-]{section*.7}{\376\377\230\230\166\356\0006\377\010\177\072\131\061\120\074\131\004\164\006\377\011\377\032\134\006\172\172\120\074\165\050\116\012\116\013\120\074\166\204\136\163\127\107\120\074\130\153\121\105}{section*.1}% 7
\BOOKMARK [3][-]{section*.8}{\376\377\230\230\166\356\0007\377\010\173\133\220\011\210\114\377\011\377\032\143\320\123\326\000p\000o\000p\000u\000l\000a\000r\000i\000t\000y\122\027\116\055\120\074\131\047\116\216\0003\166\204\210\114}{section*.1}% 8
\BOOKMARK [3][-]{section*.9}{\376\377\230\230\166\356\0008\377\010\145\160\143\156\123\273\221\315\377\011\377\032\143\011\000g\000r\000a\000m\000m\000e\000r\122\027\217\333\210\114\123\273\221\315}{section*.1}% 9
\BOOKMARK [3][-]{section*.10}{\376\377\230\230\166\356\0009\377\010\145\160\143\156\213\241\173\227\377\011\377\032\213\241\173\227\000p\000o\000p\000u\000l\000a\000r\000i\000t\000y\122\027\136\163\127\107\120\074}{section*.1}% 10
\BOOKMARK [3][-]{section*.11}{\376\377\230\230\166\356\0001\0000\377\010\150\074\137\017\217\154\143\142\377\011\377\032\134\006\000g\000r\000a\000m\000m\000e\000r\122\027\217\154\143\142\116\072\136\217\122\027}{section*.1}% 11
\BOOKMARK [3][-]{section*.12}{\376\377\230\230\166\356\0001\0001\377\010\145\160\143\156\117\335\133\130\377\011\377\032\134\006\145\160\143\156\150\106\117\335\133\130\116\072\000E\000x\000c\000e\000l}{section*.1}% 12
\BOOKMARK [3][-]{section*.13}{\376\377\230\230\166\356\0001\0002\377\010\145\160\143\156\147\345\167\013\377\011\377\032\147\345\167\013\145\160\143\156\166\204\210\114\145\160\122\027\145\160}{section*.1}% 13
\BOOKMARK [3][-]{section*.14}{\376\377\230\230\166\356\0001\0003\377\010\173\133\220\011\210\114\377\011\377\032\143\320\123\326\000p\000o\000p\000u\000l\000a\000r\000i\000t\000y\122\027\120\074\131\047\116\216\0003\134\017\116\216\0007\166\204\210\114}{section*.1}% 14
\BOOKMARK [3][-]{section*.15}{\376\377\230\230\166\356\0001\0004\377\010\214\003\145\164\122\027\117\115\177\156\377\011\377\032\116\244\116\222\116\044\122\027\166\204\117\115\177\156}{section*.1}% 15
\BOOKMARK [3][-]{section*.16}{\376\377\230\230\166\356\0001\0005\377\010\173\133\220\011\210\114\377\011\377\032\143\320\123\326\000p\000o\000p\000u\000l\000a\000r\000i\000t\000y\122\027\147\000\131\047\120\074\142\100\127\050\166\204\210\114}{section*.1}% 16
\BOOKMARK [3][-]{section*.17}{\376\377\230\230\166\356\0001\0006\377\010\147\345\167\013\145\160\143\156\377\011\377\032\147\345\167\013\147\000\124\016\121\340\210\114\145\160\143\156}{section*.1}% 17
\BOOKMARK [3][-]{section*.18}{\376\377\230\230\166\356\0001\0007\377\010\117\356\145\071\145\160\143\156\377\011\377\032\122\040\226\144\147\000\124\016\116\000\210\114\145\160\143\156}{section*.1}% 18
\BOOKMARK [3][-]{section*.19}{\376\377\230\230\166\356\0001\0008\377\010\117\356\145\071\145\160\143\156\377\011\377\032\155\373\122\240\116\000\210\114\145\160\143\156\377\032\000`\000`\000P\000e\000r\000l\000'\000'\000,\000\040\0006}{section*.1}% 19
\BOOKMARK [3][-]{section*.20}{\376\377\230\230\166\356\0001\0009\377\010\145\160\143\156\145\164\164\006\377\011\377\032\133\371\145\160\143\156\143\011\000p\000o\000p\000u\000l\000a\000r\000i\000t\000y\122\027\120\074\116\316\122\060\131\047\122\060\134\017\143\222\136\217}{section*.1}% 20
\BOOKMARK [3][-]{section*.21}{\376\377\230\230\166\356\0002\0000\377\010\133\127\173\046\176\337\213\241\377\011\377\032\176\337\213\241\000g\000r\000a\000m\000m\000e\000r\122\027\153\317\116\052\133\127\173\046\116\062\166\204\225\177\136\246}{section*.1}% 21
\BOOKMARK [2][-]{section*.22}{\376\377\000P\000a\000r\000t\000\040\000I\000I\000\040\127\372\170\100}{}% 22
\BOOKMARK [3][-]{section*.23}{\376\377\230\230\166\356\0002\0001\377\010\213\373\123\326\145\160\143\156\377\011\377\032\213\373\123\326\147\054\127\060\000E\000x\000c\000e\000l\145\160\143\156}{section*.22}% 23
\BOOKMARK [3][-]{section*.24}{\376\377\230\230\166\356\0002\0002\377\010\147\345\167\013\145\160\143\156\377\011\377\032\147\345\167\013\000d\000f\145\160\143\156\166\204\122\115\121\340\210\114}{section*.22}% 24
\BOOKMARK [3][-]{section*.25}{\376\377\230\230\166\356\0002\0003\377\010\145\160\143\156\213\241\173\227\377\011\377\032\134\006\000s\000a\000l\000a\000r\000y\122\027\145\160\143\156\217\154\143\142\116\072\147\000\131\047\120\074\116\016\147\000\134\017\120\074\166\204\136\163\127\107\120\074}{section*.22}% 25
\BOOKMARK [3][-]{section*.26}{\376\377\230\230\166\356\0002\0004\377\010\122\006\176\304\154\107\140\073\377\011\377\032\150\071\143\156\133\146\123\206\122\006\176\304\377\014\136\166\213\241\173\227\136\163\127\107\205\252\215\104}{section*.22}% 26
\BOOKMARK [3][-]{section*.27}{\376\377\230\230\166\356\0002\0005\377\010\145\366\225\364\217\154\143\142\377\011\377\032\134\006\000c\000r\000e\000a\000t\000e\000T\000i\000m\000e\122\027\217\154\143\142\116\072\000`\000`\147\010\000-\145\345\000'\000'}{section*.22}% 27
\BOOKMARK [3][-]{section*.28}{\376\377\230\230\166\356\0002\0006\377\010\147\345\167\013\145\160\143\156\377\011\377\032\147\345\167\013\145\160\143\156\176\323\147\204\117\341\140\157}{section*.22}% 28
\BOOKMARK [3][-]{section*.29}{\376\377\230\230\166\356\0002\0007\377\010\147\345\167\013\145\160\143\156\377\011\377\032\147\345\167\013\145\160\143\156\154\107\140\073\117\341\140\157}{section*.22}% 29
\BOOKMARK [3][-]{section*.30}{\376\377\230\230\166\356\0002\0008\377\010\117\356\145\071\122\027\377\011\377\032\145\260\130\236\116\000\122\027\134\006\000s\000a\000l\000a\000r\000y\171\273\145\143\123\026\116\072\116\011\154\064\136\163\120\074}{section*.22}% 30
\BOOKMARK [3][-]{section*.31}{\376\377\230\230\166\356\0002\0009\377\010\145\160\143\156\145\164\164\006\377\011\377\032\143\011\000s\000a\000l\000a\000r\000y\122\027\133\371\145\160\143\156\226\115\136\217\143\222\122\027}{section*.22}% 31
\BOOKMARK [3][-]{section*.32}{\376\377\230\230\166\356\0003\0000\377\010\173\133\220\011\210\114\377\011\377\032\143\320\123\326\173\054\0003\0003\210\114\145\160\143\156}{section*.22}% 32
\BOOKMARK [3][-]{section*.33}{\376\377\230\230\166\356\0003\0001\377\010\145\160\143\156\213\241\173\227\377\011\377\032\213\241\173\227\000s\000a\000l\000a\000r\000y\122\027\166\204\116\055\117\115\145\160}{section*.22}% 33
\BOOKMARK [3][-]{section*.34}{\376\377\230\230\166\356\0003\0002\377\010\145\160\143\156\123\357\211\306\123\026\377\011\377\032\176\330\122\066\000s\000a\000l\000a\000r\000y\166\204\230\221\163\207\122\006\136\003\166\364\145\271\126\376}{section*.22}% 34
\BOOKMARK [3][-]{section*.35}{\376\377\230\230\166\356\0003\0003\377\010\145\160\143\156\123\357\211\306\123\026\377\011\377\032\176\330\122\066\000s\000a\000l\000a\000r\000y\166\204\230\221\163\207\133\306\136\246\146\362\176\277\126\376}{section*.22}% 35
\BOOKMARK [3][-]{section*.36}{\376\377\230\230\166\356\0003\0004\377\010\145\160\143\156\122\040\226\144\377\011\377\032\122\040\226\144\147\000\124\016\116\000\122\027\000c\000l\000a\000s\000s}{section*.22}% 36
\BOOKMARK [3][-]{section*.37}{\376\377\230\230\166\356\0003\0005\377\010\145\160\143\156\144\315\117\134\377\011\377\032\134\006\000d\000f\166\204\173\054\0001\122\027\116\016\173\054\0002\122\027\124\010\136\166\116\072\145\260\166\204\116\000\122\027}{section*.22}% 37
\BOOKMARK [3][-]{section*.38}{\376\377\230\230\166\356\0003\0006\377\010\145\160\143\156\144\315\117\134\377\011\377\032\134\006\000e\000d\000u\000c\000a\000t\000i\000o\000n\122\027\116\016\173\054\000s\000a\000l\000a\000r\000y\122\027\124\010\136\166\116\072\145\260\166\204\116\000\122\027}{section*.22}% 38
\BOOKMARK [3][-]{section*.39}{\376\377\230\230\166\356\0003\0007\377\010\145\160\143\156\213\241\173\227\377\011\377\032\213\241\173\227\000s\000a\000l\000a\000r\000y\147\000\131\047\120\074\116\016\147\000\134\017\120\074\116\113\135\356}{section*.22}% 39
\BOOKMARK [3][-]{section*.40}{\376\377\230\230\166\356\0003\0008\377\010\145\160\143\156\144\315\117\134\377\011\377\032\134\006\173\054\116\000\210\114\116\016\147\000\124\016\116\000\210\114\142\374\143\245}{section*.22}% 40
\BOOKMARK [3][-]{section*.41}{\376\377\230\230\166\356\0003\0009\377\010\145\160\143\156\144\315\117\134\377\011\377\032\134\006\173\054\0008\210\114\155\373\122\240\122\060\147\053\134\076}{section*.22}% 41
\BOOKMARK [3][-]{section*.42}{\376\377\230\230\166\356\0004\0000\377\010\147\345\167\013\145\160\143\156\377\011\377\032\147\345\167\013\153\317\116\000\122\027\166\204\145\160\143\156\174\173\127\213}{section*.22}% 42
\BOOKMARK [3][-]{section*.43}{\376\377\230\230\166\356\0004\0001\377\010\145\160\143\156\144\315\117\134\377\011\377\032\134\006\000c\000r\000e\000a\000t\000e\000T\000i\000m\000e\122\027\213\276\177\156\116\072\210\114\175\042\137\025}{section*.22}% 43
\BOOKMARK [3][-]{section*.44}{\376\377\230\230\166\356\0004\0002\377\010\145\160\143\156\122\033\136\372\377\011\377\032\165\037\142\020\116\000\116\052\124\214\000d\000f\225\177\136\246\166\370\124\014\166\204\226\217\147\072\145\160\145\160\143\156\150\106}{section*.22}% 44
\BOOKMARK [3][-]{section*.45}{\376\377\230\230\166\356\0004\0003\377\010\145\160\143\156\217\336\143\245\377\011\377\032\134\006\116\012\227\142\165\037\142\020\166\204\145\160\143\156\150\106\116\016\000d\000f\143\011\122\027\124\010\136\166}{section*.22}% 45
\BOOKMARK [3][-]{section*.46}{\376\377\230\230\166\356\0004\0004\377\010\117\356\145\071\122\027\377\011\377\032\165\037\142\020\145\260\122\027\000n\000e\000w\116\072\000s\000a\000l\000a\000r\000y\122\027\121\317\123\273\226\217\147\072\145\160\122\027}{section*.22}% 46
\BOOKMARK [3][-]{section*.47}{\376\377\230\230\166\356\0004\0005\377\010\150\300\147\345\177\072\131\061\120\074\377\011\377\032\150\300\147\345\145\160\143\156\116\055\146\057\124\046\124\053\147\011\116\373\117\125\177\072\131\061\120\074}{section*.22}% 47
\BOOKMARK [3][-]{section*.48}{\376\377\230\230\166\356\0004\0006\377\010\174\173\127\213\217\154\143\142\377\011\377\032\134\006\000s\000a\000l\000a\000r\000y\122\027\166\204\174\173\127\213\217\154\143\142\116\072\155\156\160\271\145\160}{section*.22}% 48
\BOOKMARK [3][-]{section*.49}{\376\377\230\230\166\356\0004\0007\377\010\145\160\143\156\154\107\140\073\377\011\377\032\213\241\173\227\000s\000a\000l\000a\000r\000y\122\027\131\047\116\216\0001\0000\0000\0000\0000\166\204\153\041\145\160}{section*.22}% 49
\BOOKMARK [3][-]{section*.50}{\376\377\230\230\166\356\0004\0008\377\010\176\337\213\241\230\221\145\160\377\011\377\032\147\345\167\013\153\317\171\315\133\146\123\206\121\372\163\260\166\204\153\041\145\160}{section*.22}% 50
\BOOKMARK [3][-]{section*.51}{\376\377\230\230\166\356\0004\0009\377\010\145\160\143\156\154\107\140\073\377\011\377\032\147\345\167\013\000e\000d\000u\000c\000a\000t\000i\000o\000n\122\027\121\161\147\011\121\340\171\315\133\146\123\206}{section*.22}% 51
\BOOKMARK [3][-]{section*.52}{\376\377\230\230\166\356\0005\0000\377\010\173\133\220\011\210\114\377\011\377\032\143\320\123\326\000s\000a\000l\000a\000r\000y\116\016\000n\000e\000w\122\027\116\113\124\214\131\047\116\216\0006\0000\0000\0000\0000\166\204\147\000\124\016\0003\210\114}{section*.22}% 52
\BOOKMARK [2][-]{section*.53}{\376\377\000P\000a\000r\000t\000\040\000I\000I\000I\000\040\143\320\232\330}{}% 53
\BOOKMARK [3][-]{section*.54}{\376\377\230\230\166\356\0005\0001\377\010\213\373\123\326\145\160\143\156\377\011\377\032\117\177\165\050\176\335\133\371\215\357\137\204\213\373\123\326\147\054\127\060\000E\000x\000c\000e\000l\145\160\143\156}{section*.53}% 54
\BOOKMARK [3][-]{section*.55}{\376\377\230\230\166\356\0005\0002\377\010\147\345\167\013\145\160\143\156\377\011\377\032\147\345\167\013\145\160\143\156\150\106\166\204\122\115\0003\210\114}{section*.53}% 55
\BOOKMARK [3][-]{section*.56}{\376\377\230\230\166\356\0005\0003\377\010\147\345\167\013\177\072\131\061\120\074\377\011\377\032\147\345\167\013\153\317\122\027\145\160\143\156\177\072\131\061\120\074\140\305\121\265}{section*.53}% 56
\BOOKMARK [3][-]{section*.57}{\376\377\230\230\166\356\0005\0004\377\010\147\345\167\013\177\072\131\061\120\074\377\011\377\032\147\345\167\013\145\345\147\037\122\027\124\053\147\011\177\072\131\061\120\074\166\204\210\114}{section*.53}% 57
\BOOKMARK [3][-]{section*.58}{\376\377\230\230\166\356\0005\0005\377\010\147\345\167\013\177\072\131\061\120\074\377\011\377\032\147\345\167\013\153\317\122\027\177\072\131\061\120\074\127\050\124\352\116\233\210\114}{section*.53}% 58
\BOOKMARK [3][-]{section*.59}{\376\377\230\230\166\356\0005\0006\377\010\177\072\131\061\120\074\131\004\164\006\377\011\377\032\122\040\226\144\142\100\147\011\133\130\127\050\177\072\131\061\120\074\166\204\210\114}{section*.53}% 59
\BOOKMARK [3][-]{section*.60}{\376\377\230\230\166\356\0005\0007\377\010\145\160\143\156\123\357\211\306\123\026\377\011\377\032\176\330\122\066\145\066\166\330\116\367\166\204\142\230\176\277\126\376}{section*.53}% 60
\BOOKMARK [3][-]{section*.61}{\376\377\230\230\166\356\0005\0008\377\010\145\160\143\156\123\357\211\306\123\026\377\011\377\032\124\014\145\366\176\330\122\066\137\000\166\330\116\367\116\016\145\066\166\330\116\367}{section*.53}% 61
\BOOKMARK [3][-]{section*.62}{\376\377\230\230\166\356\0005\0009\377\010\145\160\143\156\123\357\211\306\123\026\377\011\377\032\176\330\122\066\155\250\215\314\136\105\166\204\166\364\145\271\126\376}{section*.53}% 62
\BOOKMARK [3][-]{section*.63}{\376\377\230\230\166\356\0006\0000\377\010\145\160\143\156\123\357\211\306\123\026\377\011\377\032\213\251\166\364\145\271\126\376\146\364\176\306\201\364}{section*.53}% 63
\BOOKMARK [3][-]{section*.64}{\376\377\230\230\166\356\0006\0001\377\010\145\160\143\156\122\033\136\372\377\011\377\032\165\050\000d\000f\166\204\122\027\124\015\122\033\136\372\145\160\143\156\150\106}{section*.53}% 64
\BOOKMARK [3][-]{section*.65}{\376\377\230\230\166\356\0006\0002\377\010\137\002\136\070\120\074\131\004\164\006\377\011\377\032\217\223\121\372\142\100\147\011\143\142\142\113\163\207\116\015\146\057\145\160\133\127\166\204\210\114}{section*.53}% 65
\BOOKMARK [3][-]{section*.66}{\376\377\230\230\166\356\0006\0003\377\010\137\002\136\070\120\074\131\004\164\006\377\011\377\032\217\223\121\372\142\100\147\011\143\142\142\113\163\207\116\072\040\023\166\204\210\114}{section*.53}% 66
\BOOKMARK [3][-]{section*.67}{\376\377\230\230\166\356\0006\0004\377\010\145\160\143\156\144\315\117\134\377\011\377\032\221\315\177\156\000d\000f\166\204\210\114\123\367}{section*.53}% 67
\BOOKMARK [3][-]{section*.68}{\376\377\230\230\166\356\0006\0005\377\010\137\002\136\070\120\074\131\004\164\006\377\011\377\032\122\040\226\144\142\100\147\011\143\142\142\113\163\207\116\072\227\136\145\160\133\127\166\204\210\114}{section*.53}% 68
\BOOKMARK [3][-]{section*.69}{\376\377\230\230\166\356\0006\0006\377\010\145\160\143\156\123\357\211\306\123\026\377\011\377\032\176\330\122\066\143\142\142\113\163\207\166\204\133\306\136\246\146\362\176\277}{section*.53}% 69
\BOOKMARK [3][-]{section*.70}{\376\377\230\230\166\356\0006\0007\377\010\145\160\143\156\213\241\173\227\377\011\377\032\213\241\173\227\122\115\116\000\131\051\116\016\124\016\116\000\131\051\145\066\166\330\116\367\166\204\135\356\120\074}{section*.53}% 70
\BOOKMARK [3][-]{section*.71}{\376\377\230\230\166\356\0006\0008\377\010\145\160\143\156\213\241\173\227\377\011\377\032\213\241\173\227\122\115\116\000\131\051\116\016\124\016\116\000\131\051\145\066\166\330\116\367\166\204\123\330\123\026\163\207}{section*.53}% 71
\BOOKMARK [3][-]{section*.72}{\376\377\230\230\166\356\0006\0009\377\010\145\160\143\156\144\315\117\134\377\011\377\032\213\276\177\156\145\345\147\037\116\072\210\114\175\042\137\025}{section*.53}% 72
\BOOKMARK [3][-]{section*.73}{\376\377\230\230\166\356\0007\0000\377\010\145\160\143\156\213\241\173\227\377\011\377\032\133\371\145\066\166\330\116\367\120\132\153\145\225\177\116\072\0005\166\204\156\321\122\250\136\163\127\107}{section*.53}% 73
\BOOKMARK [3][-]{section*.74}{\376\377\230\230\166\356\0007\0001\377\010\145\160\143\156\213\241\173\227\377\011\377\032\133\371\145\066\166\330\116\367\120\132\153\145\225\177\116\072\0005\166\204\156\321\122\250\154\102\124\214}{section*.53}% 74
\BOOKMARK [3][-]{section*.75}{\376\377\230\230\166\356\0007\0002\377\010\145\160\143\156\123\357\211\306\123\026\377\011\377\032\134\006\145\066\166\330\116\367\123\312\121\166\0005\145\345\127\107\176\277\060\001\0002\0000\145\345\127\107\176\277\176\330\122\066\127\050\124\014\116\000\116\052\126\376\116\012}{section*.53}% 75
\BOOKMARK [3][-]{section*.76}{\376\377\230\230\166\356\0007\0003\377\010\145\160\143\156\221\315\221\307\150\067\377\011\377\032\143\011\124\150\116\072\221\307\150\067\211\304\122\031\377\014\213\241\173\227\116\000\124\150\145\066\166\330\116\367\147\000\131\047\120\074}{section*.53}% 76
\BOOKMARK [3][-]{section*.77}{\376\377\230\230\166\356\0007\0004\377\010\145\160\143\156\123\357\211\306\123\026\377\011\377\032\176\330\122\066\221\315\221\307\150\067\145\160\143\156\116\016\123\237\131\313\145\160\143\156}{section*.53}% 77
\BOOKMARK [3][-]{section*.78}{\376\377\230\230\166\356\0007\0005\377\010\145\160\143\156\144\315\117\134\377\011\377\032\134\006\145\160\143\156\137\200\124\016\171\373\122\250\0005\131\051}{section*.53}% 78
\BOOKMARK [3][-]{section*.79}{\376\377\230\230\166\356\0007\0006\377\010\145\160\143\156\144\315\117\134\377\011\377\032\134\006\145\160\143\156\137\200\122\115\171\373\122\250\0005\131\051}{section*.53}% 79
\BOOKMARK [3][-]{section*.80}{\376\377\230\230\166\356\0007\0007\377\010\145\160\143\156\144\315\117\134\377\011\377\032\213\241\173\227\137\000\166\330\116\367\166\204\175\057\171\357\136\163\127\107}{section*.53}% 80
\BOOKMARK [3][-]{section*.81}{\376\377\230\230\166\356\0007\0008\377\010\145\160\143\156\213\241\173\227\377\011\377\032\176\330\122\066\137\000\166\330\116\367\166\204\175\057\171\357\136\163\127\107\116\016\123\237\131\313\145\160\143\156\166\204\142\230\176\277\126\376}{section*.53}% 81
\BOOKMARK [3][-]{section*.82}{\376\377\230\230\166\356\0007\0009\377\010\145\160\143\156\213\241\173\227\377\011\377\032\213\241\173\227\136\003\147\227\143\007\150\007}{section*.53}% 82
\BOOKMARK [3][-]{section*.83}{\376\377\230\230\166\356\0008\0000\377\010\145\160\143\156\123\357\211\306\123\026\377\011\377\032\176\330\122\066\136\003\147\227\146\362\176\277}{section*.53}% 83
\BOOKMARK [2][-]{section*.84}{\376\377\000P\000a\000r\000t\000\040\000V\000I\000\040\145\160\143\156\165\037\142\020}{}% 84
\BOOKMARK [3][-]{section*.85}{\376\377\230\230\166\356\0008\0001\377\010\122\240\217\175\147\345\167\013\123\005\377\011\377\032\122\240\217\175\136\166\147\345\167\013\000t\000i\000d\000y\000v\000e\000r\000s\000e\123\005\162\110\147\054}{section*.84}% 85
\BOOKMARK [3][-]{section*.86}{\376\377\230\230\166\356\0008\0002\377\010\165\037\142\020\226\217\147\072\145\160\377\011\377\032\165\037\142\020\0002\0000\116\052\0000\000\176\0001\0000\0000\166\204\226\217\147\072\145\160\377\014\122\033\136\372\145\160\143\156\150\106}{section*.84}% 86
\BOOKMARK [3][-]{section*.87}{\376\377\230\230\166\356\0008\0003\377\010\165\037\142\020\173\111\135\356\145\160\377\011\377\032\165\037\142\020\0002\0000\116\052\0000\000\176\0001\0000\0000\126\372\133\232\153\145\225\177\166\204\145\160\377\014\122\033\136\372\145\160\143\156\150\106}{section*.84}% 87
\BOOKMARK [3][-]{section*.88}{\376\377\230\230\166\356\0008\0004\377\010\165\037\142\020\143\007\133\232\122\006\136\003\226\217\147\072\145\160\377\011\377\032\165\037\142\020\0002\0000\116\052\150\007\121\306\153\143\140\001\122\006\136\003\166\204\226\217\147\072\145\160\377\014\122\033\136\372\145\160\143\156\150\106}{section*.84}% 88
\BOOKMARK [3][-]{section*.89}{\376\377\230\230\166\356\0008\0005\377\010\124\010\136\166\145\160\143\156\377\011\377\032\134\006\000d\000f\0001\000,\000\040\000d\000f\0002\000,\000\040\000d\000f\0003\143\011\210\114\124\010\136\166\116\072\145\260\145\160\143\156\150\106}{section*.84}% 89
\BOOKMARK [3][-]{section*.90}{\376\377\230\230\166\356\0008\0006\377\010\124\010\136\166\145\160\143\156\377\011\377\032\134\006\000d\000f\0001\000,\000\040\000d\000f\0002\000,\000\040\000d\000f\0003\143\011\122\027\124\010\136\166\116\072\145\260\145\160\143\156\150\106}{section*.84}% 90
\BOOKMARK [3][-]{section*.91}{\376\377\230\230\166\356\0008\0007\377\010\147\345\167\013\145\160\143\156\377\011\377\032\147\345\167\013\000d\000f\142\100\147\011\145\160\143\156\166\204\147\000\134\017\120\074\060\001\0002\0005\000\045\122\006\117\115\145\160\060\001\116\055\117\115\145\160\060\001\0007\0005\000\045\122\006\117\115\145\160\060\001\147\000\131\047\120\074}{section*.84}% 91
\BOOKMARK [3][-]{section*.92}{\376\377\230\230\166\356\0008\0008\377\010\117\356\145\071\122\027\124\015\377\011\377\032\117\356\145\071\122\027\124\015\116\072\000c\000o\000l\0001\000,\000\040\000c\000o\000l\0002\000,\000\040\000c\000o\000l\0003}{section*.84}% 92
\BOOKMARK [3][-]{section*.93}{\376\377\230\230\166\356\0008\0009\377\010\145\160\143\156\144\315\117\134\377\011\377\032\143\320\123\326\127\050\173\054\0001\122\027\116\055\200\014\116\015\127\050\173\054\0002\122\027\116\055\166\204\145\160}{section*.84}% 93
\BOOKMARK [3][-]{section*.94}{\376\377\230\230\166\356\0009\0000\377\010\145\160\143\156\144\315\117\134\377\011\377\032\143\320\123\326\127\050\173\054\0001\122\027\124\214\173\054\0002\122\027\121\372\163\260\230\221\163\207\147\000\232\330\166\204\116\011\116\052\145\160\133\127}{section*.84}% 94
\BOOKMARK [3][-]{section*.95}{\376\377\230\230\166\356\0009\0001\377\010\145\160\143\156\144\315\117\134\377\011\377\032\143\320\123\326\173\054\0001\122\027\123\357\116\345\145\164\226\144\0005\166\204\145\160\166\204\117\115\177\156}{section*.84}% 95
\BOOKMARK [3][-]{section*.96}{\376\377\230\230\166\356\0009\0002\377\010\145\160\143\156\213\241\173\227\377\011\377\032\213\241\173\227\173\054\0001\122\027\166\204\0001\226\066\135\356\122\006}{section*.84}% 96
\BOOKMARK [3][-]{section*.97}{\376\377\230\230\166\356\0009\0003\377\010\145\160\143\156\144\315\117\134\377\011\377\032\134\006\000c\000o\000l\0001\000,\000\040\000c\000o\000l\0002\000,\000\040\000c\000o\000l\0003\116\011\122\027\230\172\136\217\230\240\120\022}{section*.84}% 97
\BOOKMARK [3][-]{section*.98}{\376\377\230\230\166\356\0009\0004\377\010\145\160\143\156\144\315\117\134\377\011\377\032\143\320\123\326\173\054\116\000\122\027\117\115\177\156\127\050\0001\000,\0001\0000\000,\0001\0005\166\204\145\160}{section*.84}% 98
\BOOKMARK [3][-]{section*.99}{\376\377\230\230\166\356\0009\0005\377\010\145\160\143\156\144\315\117\134\377\011\377\032\147\345\142\176\173\054\116\000\122\027\166\204\134\100\220\350\147\000\131\047\120\074\117\115\177\156}{section*.84}% 99
\BOOKMARK [3][-]{section*.100}{\376\377\230\230\166\356\0009\0006\377\010\145\160\143\156\213\241\173\227\377\011\377\032\143\011\210\114\213\241\173\227\000d\000f\153\317\116\000\210\114\166\204\127\107\120\074}{section*.84}% 100
\BOOKMARK [3][-]{section*.101}{\376\377\230\230\166\356\0009\0007\377\010\145\160\143\156\213\241\173\227\377\011\377\032\133\371\173\054\116\214\122\027\213\241\173\227\153\145\225\177\116\072\0003\166\204\171\373\122\250\136\163\127\107\120\074}{section*.84}% 101
\BOOKMARK [3][-]{section*.102}{\376\377\230\230\166\356\0009\0008\377\010\145\160\143\156\213\241\173\227\377\011\377\032\143\011\173\054\116\011\122\027\120\074\166\204\131\047\134\017\123\107\136\217\143\222\122\027}{section*.84}% 102
\BOOKMARK [3][-]{section*.103}{\376\377\230\230\166\356\0009\0009\377\010\145\160\143\156\144\315\117\134\377\011\377\032\143\011\173\054\116\000\122\027\131\047\116\216\0005\0000\166\204\145\160\117\356\145\071\116\072\000`\000`\232\330\000'\000'}{section*.84}% 103
\BOOKMARK [3][-]{section*.104}{\376\377\230\230\166\356\0001\0000\0000\377\010\145\160\143\156\213\241\173\227\377\011\377\032\213\241\173\227\173\054\116\000\122\027\116\016\173\054\116\214\122\027\166\204\153\047\154\017\215\335\171\273}{section*.84}% 104
\BOOKMARK [2][-]{section*.105}{\376\377\000P\000a\000r\000t\000\040\000V\000\040\232\330\176\247}{}% 105
\BOOKMARK [3][-]{section*.106}{\376\377\230\230\166\356\0001\0000\0001\377\010\145\160\143\156\213\373\123\326\377\011\377\032\116\316\000c\000s\000v\145\207\116\366\116\055\213\373\123\326\143\007\133\232\145\160\143\156\377\032\213\373\123\326\122\115\0001\0000\210\114\377\014\000\040\000p\000o\000s\000i\000t\000i\000o\000n\000N\000a\000m\000e\124\214\000s\000a\000l\000a\000r\000y\122\027}{section*.105}% 106
\BOOKMARK [3][-]{section*.107}{\376\377\230\230\166\356\0001\0000\0002\377\010\145\160\143\156\213\373\123\326\377\011\377\032\116\316\000c\000s\000v\145\207\116\366\116\055\213\373\123\326\145\160\143\156\377\014\134\006\205\252\215\104\131\047\116\216\0001\0000\0000\0000\0000\166\204\145\071\116\072\000`\000`\232\330\000'\000'}{section*.105}% 107
\BOOKMARK [3][-]{section*.108}{\376\377\230\230\166\356\0001\0000\0003\377\010\145\160\143\156\144\315\117\134\377\011\377\032\116\316\000d\000f\116\055\133\371\205\252\215\104\154\064\136\163\153\317\226\224\0002\0000\210\114\217\333\210\114\142\275\150\067}{section*.105}% 108
\BOOKMARK [3][-]{section*.109}{\376\377\230\230\166\356\0001\0000\0004\377\010\145\160\143\156\144\315\117\134\377\011\377\032\123\326\155\210\117\177\165\050\171\321\133\146\213\260\145\160\154\325}{section*.105}% 109
\BOOKMARK [3][-]{section*.110}{\376\377\230\230\166\356\0001\0000\0005\377\010\145\160\143\156\144\315\117\134\377\011\377\032\134\006\116\012\116\000\230\230\166\204\145\160\143\156\217\154\143\142\116\072\166\176\122\006\145\160}{section*.105}% 110
\BOOKMARK [3][-]{section*.111}{\376\377\230\230\166\356\0001\0000\0006\377\010\145\160\143\156\144\315\117\134\377\011\377\032\147\345\142\176\116\012\116\000\230\230\145\160\143\156\116\055\173\054\0003\131\047\120\074\166\204\210\114\123\367}{section*.105}% 111
\BOOKMARK [3][-]{section*.112}{\376\377\230\230\166\356\0001\0000\0007\377\010\145\160\143\156\144\315\117\134\377\011\377\032\123\315\217\154\000d\000f\166\204\210\114}{section*.105}% 112
\BOOKMARK [3][-]{section*.113}{\376\377\230\230\166\356\0001\0000\0008\377\010\145\160\143\156\217\336\143\245\377\032\121\150\217\336\143\245\377\011\377\032\150\071\143\156\131\032\122\027\123\071\221\115\124\010\136\166\145\160\143\156\377\014\117\335\165\131\000d\000f\0001\124\214\000d\000f\0002\166\204\211\302\155\113}{section*.105}% 113
\BOOKMARK [3][-]{section*.114}{\376\377\230\230\166\356\0001\0000\0009\377\010\145\160\143\156\217\336\143\245\377\032\135\346\217\336\143\245\377\011\377\032\150\071\143\156\131\032\122\027\123\071\221\115\124\010\136\166\145\160\143\156\377\014\123\352\117\335\165\131\000d\000f\0001\166\204\211\302\155\113}{section*.105}% 114
\BOOKMARK [3][-]{section*.115}{\376\377\230\230\166\356\0001\0001\0000\377\010\145\160\143\156\131\004\164\006\377\011\377\032\121\215\153\041\213\373\123\326\145\160\143\156\0001\136\166\146\076\171\072\142\100\147\011\122\027}{section*.105}% 115
\BOOKMARK [3][-]{section*.116}{\376\377\230\230\166\356\0001\0001\0001\377\010\145\160\143\156\144\315\117\134\377\011\377\032\147\345\142\176\000s\000e\000c\000o\000n\000d\000T\000y\000p\000e\116\016\000t\000h\000i\000r\000d\000T\000y\000p\000e\120\074\166\370\173\111\166\204\210\114\123\367}{section*.105}% 116
\BOOKMARK [3][-]{section*.117}{\376\377\230\230\166\356\0001\0001\0002\377\010\145\160\143\156\144\315\117\134\377\011\377\032\147\345\142\176\205\252\215\104\131\047\116\216\136\163\127\107\205\252\215\104\166\204\173\054\116\011\116\052\145\160\143\156}{section*.105}% 117
\BOOKMARK [3][-]{section*.118}{\376\377\230\230\166\356\0001\0001\0003\377\010\145\160\143\156\144\315\117\134\377\011\377\032\134\006\116\012\116\000\230\230\145\160\143\156\166\204\000s\000a\000l\000a\000r\000y\122\027\137\000\150\071\123\367}{section*.105}% 118
\BOOKMARK [3][-]{section*.119}{\376\377\230\230\166\356\0001\0001\0004\377\010\145\160\143\156\144\315\117\134\377\011\377\032\134\006\116\012\116\000\230\230\145\160\143\156\166\204\000l\000i\000n\000e\000s\000t\000a\000t\000i\000o\000n\122\027\143\011\000\137\142\306\122\006}{section*.105}% 119
\BOOKMARK [3][-]{section*.120}{\376\377\230\230\166\356\0001\0001\0005\377\010\145\160\143\156\147\345\167\013\377\011\377\032\147\345\167\013\116\012\116\000\230\230\145\160\143\156\116\000\121\161\147\011\131\032\134\021\122\027}{section*.105}% 120
\BOOKMARK [3][-]{section*.121}{\376\377\230\230\166\356\0001\0001\0006\377\010\145\160\143\156\144\315\117\134\377\011\377\032\143\320\123\326\000i\000n\000d\000u\000s\000t\000r\000y\000F\000i\000e\000l\000d\122\027\116\345\000`\000`\145\160\143\156\000'\000'\137\000\131\064\166\204\210\114}{section*.105}% 121
\BOOKMARK [3][-]{section*.122}{\376\377\230\230\166\356\0001\0001\0007\377\010\145\160\143\156\122\006\176\304\154\107\140\073\377\011\377\032\116\345\000s\000a\000l\000a\000r\000y\000\040\000s\000c\000o\000r\000e\124\214\000p\000o\000s\000i\000t\000i\000o\000n\000I\000D\120\132\145\160\143\156\220\017\211\306\210\150}{section*.105}% 122
\BOOKMARK [3][-]{section*.123}{\376\377\230\230\166\356\0001\0001\0008\377\010\145\160\143\156\122\006\176\304\154\107\140\073\377\011\377\032\124\014\145\366\133\371\000s\000a\000l\000a\000r\000y\060\001\000s\000c\000o\000r\000e\116\044\122\027\217\333\210\114\154\107\140\073\213\241\173\227}{section*.105}% 123
\BOOKMARK [3][-]{section*.124}{\376\377\230\230\166\356\0001\0001\0009\377\010\145\160\143\156\122\006\176\304\154\107\140\073\377\011\377\032\124\014\145\366\133\371\116\015\124\014\122\027\217\333\210\114\116\015\124\014\166\204\154\107\140\073\213\241\173\227\377\032\133\371\000s\000a\000l\000a\000r\000y\154\102\136\163\127\107\377\014\133\371\000s\000c\000o\000r\000e\154\102\124\214}{section*.105}% 124
\BOOKMARK [3][-]{section*.125}{\376\377\230\230\166\356\0001\0002\0000\377\010\145\160\143\156\122\006\176\304\154\107\140\073\377\011\377\032\213\241\173\227\136\166\143\320\123\326\136\163\127\107\205\252\215\104\147\000\232\330\166\204\123\072}{section*.105}% 125
